{"/home/vseviknik/projects/hexlet/backend-project-46/index.js": {"path":"/home/vseviknik/projects/hexlet/backend-project-46/index.js","statementMap":{},"fnMap":{},"branchMap":{},"s":{},"f":{},"b":{},"_coverageSchema":"1a1c01bbd47fc00a2c39e90264f33305004495a9","hash":"eff916d102bc444dba982d37a467456503b8be00"}
,"/home/vseviknik/projects/hexlet/backend-project-46/src/diffFiles.js": {"path":"/home/vseviknik/projects/hexlet/backend-project-46/src/diffFiles.js","statementMap":{"0":{"start":{"line":5,"column":17},"end":{"line":8,"column":1}},"1":{"start":{"line":6,"column":15},"end":{"line":6,"column":92}},"2":{"start":{"line":7,"column":2},"end":{"line":7,"column":26}},"3":{"start":{"line":10,"column":33},"end":{"line":20,"column":1}},"4":{"start":{"line":11,"column":17},"end":{"line":11,"column":19}},"5":{"start":{"line":12,"column":22},"end":{"line":12,"column":35}},"6":{"start":{"line":13,"column":16},"end":{"line":13,"column":40}},"7":{"start":{"line":14,"column":2},"end":{"line":18,"column":7}},"8":{"start":{"line":17,"column":6},"end":{"line":17,"column":37}},"9":{"start":{"line":19,"column":2},"end":{"line":19,"column":16}},"10":{"start":{"line":23,"column":21},"end":{"line":23,"column":52}},"11":{"start":{"line":24,"column":21},"end":{"line":24,"column":52}},"12":{"start":{"line":25,"column":17},"end":{"line":25,"column":19}},"13":{"start":{"line":26,"column":2},"end":{"line":38,"column":5}},"14":{"start":{"line":27,"column":4},"end":{"line":37,"column":5}},"15":{"start":{"line":28,"column":6},"end":{"line":30,"column":7}},"16":{"start":{"line":29,"column":8},"end":{"line":29,"column":28}},"17":{"start":{"line":31,"column":6},"end":{"line":34,"column":7}},"18":{"start":{"line":32,"column":8},"end":{"line":32,"column":35}},"19":{"start":{"line":33,"column":8},"end":{"line":33,"column":45}},"20":{"start":{"line":36,"column":6},"end":{"line":36,"column":33}},"21":{"start":{"line":39,"column":2},"end":{"line":43,"column":5}},"22":{"start":{"line":40,"column":4},"end":{"line":42,"column":5}},"23":{"start":{"line":41,"column":6},"end":{"line":41,"column":33}},"24":{"start":{"line":44,"column":18},"end":{"line":44,"column":21}},"25":{"start":{"line":45,"column":2},"end":{"line":47,"column":5}},"26":{"start":{"line":46,"column":4},"end":{"line":46,"column":40}},"27":{"start":{"line":48,"column":2},"end":{"line":48,"column":21}},"28":{"start":{"line":49,"column":2},"end":{"line":49,"column":19}}},"fnMap":{"0":{"name":"(anonymous_0)","decl":{"start":{"line":5,"column":17},"end":{"line":5,"column":18}},"loc":{"start":{"line":5,"column":28},"end":{"line":8,"column":1}},"line":5},"1":{"name":"(anonymous_1)","decl":{"start":{"line":10,"column":33},"end":{"line":10,"column":34}},"loc":{"start":{"line":10,"column":42},"end":{"line":20,"column":1}},"line":10},"2":{"name":"(anonymous_2)","decl":{"start":{"line":16,"column":13},"end":{"line":16,"column":14}},"loc":{"start":{"line":16,"column":22},"end":{"line":18,"column":5}},"line":16},"3":{"name":"(anonymous_3)","decl":{"start":{"line":22,"column":15},"end":{"line":22,"column":16}},"loc":{"start":{"line":22,"column":33},"end":{"line":50,"column":1}},"line":22},"4":{"name":"(anonymous_4)","decl":{"start":{"line":26,"column":37},"end":{"line":26,"column":38}},"loc":{"start":{"line":26,"column":55},"end":{"line":38,"column":3}},"line":26},"5":{"name":"(anonymous_5)","decl":{"start":{"line":39,"column":37},"end":{"line":39,"column":38}},"loc":{"start":{"line":39,"column":55},"end":{"line":43,"column":3}},"line":39},"6":{"name":"(anonymous_6)","decl":{"start":{"line":45,"column":33},"end":{"line":45,"column":34}},"loc":{"start":{"line":45,"column":51},"end":{"line":47,"column":3}},"line":45}},"branchMap":{"0":{"loc":{"start":{"line":27,"column":4},"end":{"line":37,"column":5}},"type":"if","locations":[{"start":{"line":27,"column":4},"end":{"line":37,"column":5}},{"start":{"line":35,"column":11},"end":{"line":37,"column":5}}],"line":27},"1":{"loc":{"start":{"line":28,"column":6},"end":{"line":30,"column":7}},"type":"if","locations":[{"start":{"line":28,"column":6},"end":{"line":30,"column":7}},{"start":{},"end":{}}],"line":28},"2":{"loc":{"start":{"line":31,"column":6},"end":{"line":34,"column":7}},"type":"if","locations":[{"start":{"line":31,"column":6},"end":{"line":34,"column":7}},{"start":{},"end":{}}],"line":31},"3":{"loc":{"start":{"line":40,"column":4},"end":{"line":42,"column":5}},"type":"if","locations":[{"start":{"line":40,"column":4},"end":{"line":42,"column":5}},{"start":{},"end":{}}],"line":40}},"s":{"0":1,"1":2,"2":2,"3":1,"4":2,"5":2,"6":2,"7":2,"8":7,"9":2,"10":1,"11":1,"12":1,"13":1,"14":4,"15":2,"16":1,"17":2,"18":1,"19":1,"20":2,"21":1,"22":3,"23":2,"24":1,"25":1,"26":6,"27":1,"28":1},"f":{"0":2,"1":2,"2":7,"3":1,"4":4,"5":3,"6":6},"b":{"0":[2,2],"1":[1,1],"2":[1,1],"3":[2,1]},"_coverageSchema":"1a1c01bbd47fc00a2c39e90264f33305004495a9","hash":"51993d41eecdafe3dd76f5ea7ffa06105636dd9c"}
}
