{"/home/vseviknik/projects/hexlet/backend-project-46/index.js": {"path":"/home/vseviknik/projects/hexlet/backend-project-46/index.js","statementMap":{},"fnMap":{},"branchMap":{},"s":{},"f":{},"b":{},"_coverageSchema":"1a1c01bbd47fc00a2c39e90264f33305004495a9","hash":"eff916d102bc444dba982d37a467456503b8be00"}
,"/home/vseviknik/projects/hexlet/backend-project-46/src/diffFiles.js": {"path":"/home/vseviknik/projects/hexlet/backend-project-46/src/diffFiles.js","statementMap":{"0":{"start":{"line":4,"column":21},"end":{"line":4,"column":35}},"1":{"start":{"line":5,"column":21},"end":{"line":5,"column":35}},"2":{"start":{"line":6,"column":17},"end":{"line":6,"column":19}},"3":{"start":{"line":7,"column":2},"end":{"line":19,"column":5}},"4":{"start":{"line":8,"column":4},"end":{"line":18,"column":5}},"5":{"start":{"line":9,"column":6},"end":{"line":11,"column":7}},"6":{"start":{"line":10,"column":8},"end":{"line":10,"column":28}},"7":{"start":{"line":12,"column":6},"end":{"line":15,"column":7}},"8":{"start":{"line":13,"column":8},"end":{"line":13,"column":35}},"9":{"start":{"line":14,"column":8},"end":{"line":14,"column":45}},"10":{"start":{"line":17,"column":6},"end":{"line":17,"column":33}},"11":{"start":{"line":20,"column":2},"end":{"line":24,"column":5}},"12":{"start":{"line":21,"column":4},"end":{"line":23,"column":5}},"13":{"start":{"line":22,"column":6},"end":{"line":22,"column":33}},"14":{"start":{"line":25,"column":18},"end":{"line":25,"column":21}},"15":{"start":{"line":26,"column":2},"end":{"line":28,"column":5}},"16":{"start":{"line":27,"column":4},"end":{"line":27,"column":40}},"17":{"start":{"line":29,"column":2},"end":{"line":29,"column":21}},"18":{"start":{"line":30,"column":2},"end":{"line":30,"column":19}}},"fnMap":{"0":{"name":"(anonymous_0)","decl":{"start":{"line":3,"column":15},"end":{"line":3,"column":16}},"loc":{"start":{"line":3,"column":33},"end":{"line":31,"column":1}},"line":3},"1":{"name":"(anonymous_1)","decl":{"start":{"line":7,"column":37},"end":{"line":7,"column":38}},"loc":{"start":{"line":7,"column":55},"end":{"line":19,"column":3}},"line":7},"2":{"name":"(anonymous_2)","decl":{"start":{"line":20,"column":37},"end":{"line":20,"column":38}},"loc":{"start":{"line":20,"column":55},"end":{"line":24,"column":3}},"line":20},"3":{"name":"(anonymous_3)","decl":{"start":{"line":26,"column":33},"end":{"line":26,"column":34}},"loc":{"start":{"line":26,"column":51},"end":{"line":28,"column":3}},"line":26}},"branchMap":{"0":{"loc":{"start":{"line":8,"column":4},"end":{"line":18,"column":5}},"type":"if","locations":[{"start":{"line":8,"column":4},"end":{"line":18,"column":5}},{"start":{"line":16,"column":11},"end":{"line":18,"column":5}}],"line":8},"1":{"loc":{"start":{"line":9,"column":6},"end":{"line":11,"column":7}},"type":"if","locations":[{"start":{"line":9,"column":6},"end":{"line":11,"column":7}},{"start":{},"end":{}}],"line":9},"2":{"loc":{"start":{"line":12,"column":6},"end":{"line":15,"column":7}},"type":"if","locations":[{"start":{"line":12,"column":6},"end":{"line":15,"column":7}},{"start":{},"end":{}}],"line":12},"3":{"loc":{"start":{"line":21,"column":4},"end":{"line":23,"column":5}},"type":"if","locations":[{"start":{"line":21,"column":4},"end":{"line":23,"column":5}},{"start":{},"end":{}}],"line":21}},"s":{"0":3,"1":3,"2":3,"3":3,"4":8,"5":4,"6":2,"7":4,"8":2,"9":2,"10":4,"11":3,"12":9,"13":7,"14":3,"15":3,"16":15,"17":3,"18":3},"f":{"0":3,"1":8,"2":9,"3":15},"b":{"0":[4,4],"1":[2,2],"2":[2,2],"3":[7,2]},"_coverageSchema":"1a1c01bbd47fc00a2c39e90264f33305004495a9","hash":"45ff46762117d20dc46b4d08c732e18bb4bdb3ce"}
,"/home/vseviknik/projects/hexlet/backend-project-46/src/parsers.js": {"path":"/home/vseviknik/projects/hexlet/backend-project-46/src/parsers.js","statementMap":{"0":{"start":{"line":6,"column":17},"end":{"line":9,"column":1}},"1":{"start":{"line":7,"column":15},"end":{"line":7,"column":92}},"2":{"start":{"line":8,"column":2},"end":{"line":8,"column":26}},"3":{"start":{"line":11,"column":19},"end":{"line":21,"column":1}},"4":{"start":{"line":12,"column":17},"end":{"line":12,"column":19}},"5":{"start":{"line":13,"column":2},"end":{"line":19,"column":3}},"6":{"start":{"line":14,"column":4},"end":{"line":18,"column":9}},"7":{"start":{"line":17,"column":8},"end":{"line":17,"column":31}},"8":{"start":{"line":20,"column":2},"end":{"line":20,"column":16}},"9":{"start":{"line":23,"column":33},"end":{"line":26,"column":1}},"10":{"start":{"line":24,"column":22},"end":{"line":24,"column":35}},"11":{"start":{"line":25,"column":2},"end":{"line":25,"column":46}},"12":{"start":{"line":29,"column":2},"end":{"line":32,"column":3}},"13":{"start":{"line":30,"column":16},"end":{"line":30,"column":69}},"14":{"start":{"line":31,"column":4},"end":{"line":31,"column":27}},"15":{"start":{"line":33,"column":2},"end":{"line":35,"column":3}},"16":{"start":{"line":34,"column":4},"end":{"line":34,"column":42}},"17":{"start":{"line":36,"column":2},"end":{"line":36,"column":12}}},"fnMap":{"0":{"name":"(anonymous_0)","decl":{"start":{"line":6,"column":17},"end":{"line":6,"column":18}},"loc":{"start":{"line":6,"column":28},"end":{"line":9,"column":1}},"line":6},"1":{"name":"(anonymous_1)","decl":{"start":{"line":11,"column":19},"end":{"line":11,"column":20}},"loc":{"start":{"line":11,"column":28},"end":{"line":21,"column":1}},"line":11},"2":{"name":"(anonymous_2)","decl":{"start":{"line":16,"column":15},"end":{"line":16,"column":16}},"loc":{"start":{"line":16,"column":24},"end":{"line":18,"column":7}},"line":16},"3":{"name":"(anonymous_3)","decl":{"start":{"line":23,"column":33},"end":{"line":23,"column":34}},"loc":{"start":{"line":23,"column":42},"end":{"line":26,"column":1}},"line":23},"4":{"name":"(anonymous_4)","decl":{"start":{"line":28,"column":15},"end":{"line":28,"column":16}},"loc":{"start":{"line":28,"column":25},"end":{"line":37,"column":1}},"line":28}},"branchMap":{"0":{"loc":{"start":{"line":13,"column":2},"end":{"line":19,"column":3}},"type":"if","locations":[{"start":{"line":13,"column":2},"end":{"line":19,"column":3}},{"start":{},"end":{}}],"line":13},"1":{"loc":{"start":{"line":13,"column":6},"end":{"line":13,"column":36}},"type":"binary-expr","locations":[{"start":{"line":13,"column":6},"end":{"line":13,"column":9}},{"start":{"line":13,"column":13},"end":{"line":13,"column":36}}],"line":13},"2":{"loc":{"start":{"line":29,"column":2},"end":{"line":32,"column":3}},"type":"if","locations":[{"start":{"line":29,"column":2},"end":{"line":32,"column":3}},{"start":{},"end":{}}],"line":29},"3":{"loc":{"start":{"line":29,"column":6},"end":{"line":29,"column":69}},"type":"binary-expr","locations":[{"start":{"line":29,"column":6},"end":{"line":29,"column":35}},{"start":{"line":29,"column":39},"end":{"line":29,"column":69}}],"line":29},"4":{"loc":{"start":{"line":33,"column":2},"end":{"line":35,"column":3}},"type":"if","locations":[{"start":{"line":33,"column":2},"end":{"line":35,"column":3}},{"start":{},"end":{}}],"line":33}},"s":{"0":2,"1":2,"2":2,"3":2,"4":8,"5":8,"6":6,"7":21,"8":8,"9":2,"10":2,"11":2,"12":9,"13":6,"14":6,"15":3,"16":2,"17":1},"f":{"0":2,"1":8,"2":21,"3":2,"4":9},"b":{"0":[6,2],"1":[8,6],"2":[6,3],"3":[9,3],"4":[2,1]},"_coverageSchema":"1a1c01bbd47fc00a2c39e90264f33305004495a9","hash":"5152fe0bea79a90d06286b6080c88c593a2f2387"}
}
