TN:
SF:index.js
FNF:0
FNH:0
LF:0
LH:0
BRF:0
BRH:0
end_of_record
TN:
SF:src/diffFiles.js
FN:3,(anonymous_0)
FN:7,(anonymous_1)
FN:20,(anonymous_2)
FN:26,(anonymous_3)
FNF:4
FNH:4
FNDA:2,(anonymous_0)
FNDA:8,(anonymous_1)
FNDA:6,(anonymous_2)
FNDA:12,(anonymous_3)
DA:4,2
DA:5,2
DA:6,2
DA:7,2
DA:8,8
DA:9,4
DA:10,2
DA:12,4
DA:13,2
DA:14,2
DA:17,4
DA:20,2
DA:21,6
DA:22,4
DA:25,2
DA:26,2
DA:27,12
DA:29,2
DA:30,2
LF:19
LH:19
BRDA:8,0,0,4
BRDA:8,0,1,4
BRDA:9,1,0,2
BRDA:9,1,1,2
BRDA:12,2,0,2
BRDA:12,2,1,2
BRDA:21,3,0,4
BRDA:21,3,1,2
BRF:8
BRH:8
end_of_record
TN:
SF:src/parsers.js
FN:6,(anonymous_0)
FN:11,(anonymous_1)
FN:15,(anonymous_2)
FN:21,(anonymous_3)
FN:26,(anonymous_4)
FNF:5
FNH:5
FNDA:2,(anonymous_0)
FNDA:5,(anonymous_1)
FNDA:18,(anonymous_2)
FNDA:2,(anonymous_3)
FNDA:6,(anonymous_4)
DA:6,2
DA:7,2
DA:8,2
DA:11,2
DA:12,5
DA:13,5
DA:16,18
DA:18,5
DA:21,2
DA:22,2
DA:23,2
DA:27,6
DA:28,3
DA:29,3
DA:31,3
DA:32,2
DA:34,1
LF:17
LH:17
BRDA:27,0,0,3
BRDA:27,0,1,3
BRDA:27,1,0,6
BRDA:27,1,1,3
BRDA:31,2,0,2
BRDA:31,2,1,1
BRF:6
BRH:6
end_of_record
