TN:
SF:index.js
FNF:0
FNH:0
LF:0
LH:0
BRF:0
BRH:0
end_of_record
TN:
SF:src/diffFiles.js
FN:3,(anonymous_0)
FN:7,(anonymous_1)
FN:20,(anonymous_2)
FN:26,(anonymous_3)
FNF:4
FNH:4
FNDA:3,(anonymous_0)
FNDA:8,(anonymous_1)
FNDA:9,(anonymous_2)
FNDA:15,(anonymous_3)
DA:4,3
DA:5,3
DA:6,3
DA:7,3
DA:8,8
DA:9,4
DA:10,2
DA:12,4
DA:13,2
DA:14,2
DA:17,4
DA:20,3
DA:21,9
DA:22,7
DA:25,3
DA:26,3
DA:27,15
DA:29,3
DA:30,3
LF:19
LH:19
BRDA:8,0,0,4
BRDA:8,0,1,4
BRDA:9,1,0,2
BRDA:9,1,1,2
BRDA:12,2,0,2
BRDA:12,2,1,2
BRDA:21,3,0,7
BRDA:21,3,1,2
BRF:8
BRH:8
end_of_record
TN:
SF:src/parsers.js
FN:6,(anonymous_0)
FN:11,(anonymous_1)
FN:16,(anonymous_2)
FN:23,(anonymous_3)
FN:28,(anonymous_4)
FNF:5
FNH:5
FNDA:2,(anonymous_0)
FNDA:8,(anonymous_1)
FNDA:21,(anonymous_2)
FNDA:2,(anonymous_3)
FNDA:9,(anonymous_4)
DA:6,2
DA:7,2
DA:8,2
DA:11,2
DA:12,8
DA:13,8
DA:14,6
DA:17,21
DA:20,8
DA:23,2
DA:24,2
DA:25,2
DA:29,9
DA:30,6
DA:31,6
DA:33,3
DA:34,2
DA:36,1
LF:18
LH:18
BRDA:13,0,0,6
BRDA:13,0,1,2
BRDA:13,1,0,8
BRDA:13,1,1,6
BRDA:29,2,0,6
BRDA:29,2,1,3
BRDA:29,3,0,9
BRDA:29,3,1,3
BRDA:33,4,0,2
BRDA:33,4,1,1
BRF:10
BRH:10
end_of_record
